TN:
SF:src\modules\appointments\services\CreateAppointmentService.ts
FN:17,(anonymous_18)
FN:18,CreateAppointmentService
FN:30,(anonymous_20)
FNF:3
FNH:3
FNDA:1,(anonymous_18)
FNDA:5,CreateAppointmentService
FNDA:7,(anonymous_20)
DA:1,1
DA:2,1
DA:7,1
DA:8,1
DA:17,1
DA:20,5
DA:23,5
DA:26,5
DA:30,7
DA:31,7
DA:33,7
DA:34,2
DA:37,5
DA:38,2
DA:41,3
DA:42,1
DA:45,2
DA:49,2
DA:50,0
DA:53,2
DA:59,2
DA:61,4
DA:66,4
DA:68,2
DA:71,1
DA:73,1
LF:26
LH:25
BRDA:33,0,0,2
BRDA:33,0,1,5
BRDA:33,1,0,7
BRDA:33,1,1,6
BRDA:37,2,0,2
BRDA:37,2,1,3
BRDA:41,3,0,1
BRDA:41,3,1,2
BRDA:49,4,0,0
BRDA:49,4,1,2
BRF:10
BRH:9
end_of_record
TN:
SF:src\modules\appointments\services\ListProviderAppointmentService.ts
FN:17,(anonymous_17)
FN:19,ListProviderAppointmentService
FN:28,(anonymous_19)
FNF:3
FNH:3
FNDA:1,(anonymous_17)
FNDA:1,ListProviderAppointmentService
FNDA:1,(anonymous_19)
DA:6,1
DA:17,1
DA:21,1
DA:24,1
DA:28,1
DA:29,1
DA:31,1
DA:33,1
DA:34,1
DA:41,2
DA:46,1
DA:49,1
DA:51,1
LF:13
LH:13
BRDA:46,0,0,1
BRDA:33,1,0,0
BRDA:33,1,1,1
BRF:3
BRH:2
end_of_record
TN:
SF:src\modules\appointments\services\ListProviderDayAvailabilityService.ts
FN:21,(anonymous_17)
FN:23,ListProviderDayAvailabilityService
FN:29,(anonymous_19)
FN:41,(anonymous_22)
FN:45,(anonymous_23)
FN:46,(anonymous_24)
FNF:6
FNH:6
FNDA:1,(anonymous_17)
FNDA:1,ListProviderDayAvailabilityService
FNDA:1,(anonymous_19)
FNDA:10,(anonymous_22)
FNDA:10,(anonymous_23)
FNDA:19,(anonymous_24)
DA:4,1
DA:5,1
DA:21,1
DA:25,1
DA:29,1
DA:30,1
DA:37,1
DA:39,1
DA:41,10
DA:43,1
DA:45,1
DA:46,10
DA:47,19
DA:50,10
DA:52,10
DA:60,1
DA:63,1
DA:65,1
LF:18
LH:18
BRDA:30,0,0,1
BRDA:54,1,0,10
BRDA:54,1,1,8
BRF:3
BRH:3
end_of_record
TN:
SF:src\modules\appointments\services\ListProviderMonthAvailabilityService.ts
FN:20,(anonymous_17)
FN:22,ListProviderMonthAvailabilityService
FN:28,(anonymous_19)
FN:40,(anonymous_22)
FN:42,(anonymous_23)
FN:43,(anonymous_24)
FNF:6
FNH:6
FNDA:1,(anonymous_17)
FNDA:1,ListProviderMonthAvailabilityService
FNDA:1,(anonymous_19)
FNDA:31,(anonymous_22)
FNDA:31,(anonymous_23)
FNDA:341,(anonymous_24)
DA:4,1
DA:5,1
DA:20,1
DA:24,1
DA:28,1
DA:29,1
DA:35,1
DA:37,1
DA:40,31
DA:42,1
DA:43,31
DA:44,341
DA:47,31
DA:55,1
DA:57,1
DA:59,1
LF:16
LH:16
BRDA:29,0,0,1
BRF:1
BRH:1
end_of_record
TN:
SF:src\modules\appointments\services\ListProvidersService.ts
FN:13,(anonymous_17)
FN:15,ListProviderService
FN:26,(anonymous_19)
FNF:3
FNH:3
FNDA:1,(anonymous_17)
FNDA:1,ListProviderService
FNDA:1,(anonymous_19)
DA:5,1
DA:13,1
DA:18,1
DA:22,1
DA:26,1
DA:27,1
DA:29,1
DA:30,1
DA:34,2
DA:38,1
DA:41,1
DA:43,1
LF:12
LH:12
BRDA:27,0,0,1
BRDA:27,0,1,1
BRDA:29,1,0,0
BRDA:29,1,1,1
BRF:4
BRH:3
end_of_record
TN:
SF:src\modules\users\services\AuthenticateUserService.ts
FN:20,(anonymous_18)
FN:21,AuthenticateUserService
FN:29,(anonymous_20)
FNF:3
FNH:3
FNDA:1,(anonymous_18)
FNDA:3,AuthenticateUserService
FNDA:3,(anonymous_20)
DA:1,1
DA:3,1
DA:4,1
DA:7,1
DA:20,1
DA:23,3
DA:26,3
DA:29,3
DA:31,3
DA:33,3
DA:34,1
DA:39,2
DA:41,2
DA:42,1
DA:45,1
DA:47,1
DA:52,1
DA:57,1
DA:59,1
LF:19
LH:19
BRDA:31,0,0,3
BRDA:33,1,0,1
BRDA:33,1,1,2
BRDA:41,2,0,1
BRDA:41,2,1,1
BRF:5
BRH:5
end_of_record
TN:
SF:src\modules\users\services\CreateUserService.ts
FN:16,(anonymous_18)
FN:17,CreateUserService
FN:29,(anonymous_20)
FNF:3
FNH:3
FNDA:1,(anonymous_18)
FNDA:2,CreateUserService
FNDA:3,(anonymous_20)
DA:2,1
DA:5,1
DA:16,1
DA:20,2
DA:23,2
DA:26,2
DA:29,3
DA:31,3
DA:33,3
DA:34,1
DA:37,2
DA:39,2
DA:45,4
DA:47,2
DA:49,1
DA:51,1
LF:16
LH:16
BRDA:31,0,0,3
BRDA:33,1,0,1
BRDA:33,1,1,2
BRF:3
BRH:3
end_of_record
TN:
SF:src\modules\users\services\ResetPasswordService.ts
FN:16,(anonymous_18)
FN:17,ResetPasswordService
FN:30,(anonymous_20)
FNF:3
FNH:3
FNDA:1,(anonymous_18)
FNDA:4,ResetPasswordService
FNDA:4,(anonymous_20)
DA:1,1
DA:5,1
DA:6,1
DA:16,1
DA:20,4
DA:23,4
DA:26,4
DA:30,4
DA:31,4
DA:33,4
DA:34,1
DA:37,3
DA:39,3
DA:40,1
DA:43,2
DA:44,2
DA:46,2
DA:47,1
DA:50,1
DA:52,2
DA:58,1
DA:60,1
LF:22
LH:22
BRDA:31,0,0,4
BRDA:33,1,0,1
BRDA:33,1,1,3
BRDA:39,2,0,1
BRDA:39,2,1,2
BRDA:46,3,0,1
BRDA:46,3,1,1
BRF:7
BRH:7
end_of_record
TN:
SF:src\modules\users\services\SendForgotPasswordEmailService.ts
FN:15,(anonymous_18)
FN:16,SendForgotPasswordEmailService
FN:28,(anonymous_20)
FNF:3
FNH:3
FNDA:1,(anonymous_18)
FNDA:3,SendForgotPasswordEmailService
FNDA:3,(anonymous_20)
DA:1,1
DA:3,1
DA:7,1
DA:15,1
DA:19,3
DA:22,3
DA:25,3
DA:28,3
DA:30,3
DA:32,3
DA:33,1
DA:36,2
DA:38,2
DA:40,4
DA:57,1
DA:59,1
LF:16
LH:16
BRDA:30,0,0,3
BRDA:32,1,0,1
BRDA:32,1,1,2
BRF:3
BRH:3
end_of_record
TN:
SF:src\modules\users\services\ShowProfileService.ts
FN:12,(anonymous_18)
FN:14,ShowProfileService
FN:21,(anonymous_20)
FNF:3
FNH:0
FNDA:0,(anonymous_18)
FNDA:0,ShowProfileService
FNDA:0,(anonymous_20)
DA:2,0
DA:4,0
DA:12,0
DA:17,0
DA:21,0
DA:23,0
DA:25,0
DA:26,0
DA:28,0
DA:31,0
DA:33,0
LF:11
LH:0
BRDA:23,0,0,0
BRDA:25,1,0,0
BRDA:25,1,1,0
BRF:3
BRH:0
end_of_record
TN:
SF:src\modules\users\services\UpdateProfileService.ts
FN:20,(anonymous_18)
FN:22,UpdateProfile
FN:32,(anonymous_20)
FNF:3
FNH:3
FNDA:1,(anonymous_18)
FNDA:6,UpdateProfile
FNDA:6,(anonymous_20)
DA:5,1
DA:8,1
DA:20,1
DA:25,6
DA:28,6
DA:32,6
DA:34,6
DA:36,6
DA:37,1
DA:40,5
DA:42,5
DA:43,1
DA:46,4
DA:47,4
DA:49,4
DA:50,1
DA:55,4
DA:56,2
DA:58,2
DA:59,1
DA:62,1
DA:65,2
DA:68,1
DA:70,1
LF:24
LH:24
BRDA:34,0,0,6
BRDA:34,0,1,2
BRDA:36,1,0,1
BRDA:36,1,1,5
BRDA:42,2,0,1
BRDA:42,2,1,4
BRDA:42,3,0,5
BRDA:42,3,1,4
BRDA:49,4,0,1
BRDA:49,4,1,3
BRDA:49,5,0,4
BRDA:49,5,1,3
BRDA:55,6,0,1
BRDA:55,6,1,2
BRDA:55,7,0,3
BRDA:55,7,1,2
BRDA:58,8,0,1
BRDA:58,8,1,1
BRF:18
BRH:18
end_of_record
TN:
SF:src\modules\users\services\UpdateUserAvatarService.ts
FN:16,(anonymous_18)
FN:18,UpdateUserAvatarService
FN:28,(anonymous_20)
FNF:3
FNH:3
FNDA:1,(anonymous_18)
FNDA:3,UpdateUserAvatarService
FNDA:4,(anonymous_20)
DA:5,1
DA:8,1
DA:16,1
DA:21,3
DA:24,3
DA:28,4
DA:30,4
DA:32,4
DA:33,1
DA:36,5
DA:38,2
DA:41,3
DA:43,3
DA:45,6
DA:47,3
DA:49,1
DA:51,1
LF:17
LH:17
BRDA:30,0,0,4
BRDA:30,0,1,3
BRDA:32,1,0,1
BRDA:32,1,1,3
BRDA:36,2,0,2
BRDA:36,2,1,1
BRF:6
BRH:6
end_of_record
